<?xml version="1.0" encoding="UTF-8"?>
<!-- Generated by org.testng.reporters.JUnitXMLReporter -->
<testsuite hostname="MUM-LAP-849" name="Test" tests="1" failures="1" timestamp="28 Aug 2019 08:11:01 GMT" time="133.264" errors="0">
  <testcase name="feature" time="131.989" classname="com.northgateps.cm.testRunner.TestRunner_ST">
    <failure type="cucumber.runtime.CucumberException" message="java.lang.AssertionError: Test Failed due to this exception : org.openqa.selenium.UnhandledAlertException: unexpected alert open: {Alert text : }
  (Session info: chrome=76.0.3809.132): 
Build info: version: &amp;apos;3.141.59&amp;apos;, revision: &amp;apos;e82be7d358&amp;apos;, time: &amp;apos;2018-11-14T08:17:03&amp;apos;
System info: host: &amp;apos;MUM-LAP-849&amp;apos;, ip: &amp;apos;10.102.193.114&amp;apos;, os.name: &amp;apos;Windows 10&amp;apos;, os.arch: &amp;apos;amd64&amp;apos;, os.version: &amp;apos;10.0&amp;apos;, java.version: &amp;apos;1.8.0_201&amp;apos;
Driver info: org.openqa.selenium.chrome.ChromeDriver
Capabilities {acceptInsecureCerts: false, browserName: chrome, browserVersion: 76.0.3809.132, chrome: {chromedriverVersion: 76.0.3809.126 (d80a294506b4..., userDataDir: C:\Users\BALRAJ~1.ULL\AppDa...}, goog:chromeOptions: {debuggerAddress: localhost:57912}, javascriptEnabled: true, networkConnectionEnabled: false, pageLoadStrategy: normal, platform: XP, platformName: XP, proxy: Proxy(), setWindowRect: true, strictFileInteractability: false, timeouts: {implicit: 0, pageLoad: 300000, script: 30000}, unhandledPromptBehavior: dismiss and notify}
Session ID: bfba172ee62ce60012173db960df46a9
*** Element info: {Using=xpath, value=//table[@id=&amp;apos;fontIcon_homeMessage&amp;apos;]}">
      <![CDATA[cucumber.runtime.CucumberException: java.lang.AssertionError: Test Failed due to this exception : org.openqa.selenium.UnhandledAlertException: unexpected alert open: {Alert text : }
  (Session info: chrome=76.0.3809.132): 
Build info: version: '3.141.59', revision: 'e82be7d358', time: '2018-11-14T08:17:03'
System info: host: 'MUM-LAP-849', ip: '10.102.193.114', os.name: 'Windows 10', os.arch: 'amd64', os.version: '10.0', java.version: '1.8.0_201'
Driver info: org.openqa.selenium.chrome.ChromeDriver
Capabilities {acceptInsecureCerts: false, browserName: chrome, browserVersion: 76.0.3809.132, chrome: {chromedriverVersion: 76.0.3809.126 (d80a294506b4..., userDataDir: C:\Users\BALRAJ~1.ULL\AppDa...}, goog:chromeOptions: {debuggerAddress: localhost:57912}, javascriptEnabled: true, networkConnectionEnabled: false, pageLoadStrategy: normal, platform: XP, platformName: XP, proxy: Proxy(), setWindowRect: true, strictFileInteractability: false, timeouts: {implicit: 0, pageLoad: 300000, script: 30000}, unhandledPromptBehavior: dismiss and notify}
Session ID: bfba172ee62ce60012173db960df46a9
*** Element info: {Using=xpath, value=//table[@id='fontIcon_homeMessage']}
	at com.northgateps.cm.platform.api.CustomTestNGCucumberRunner.runCucumber(CustomTestNGCucumberRunner.java:112)
	at com.northgateps.cm.platform.api.CustomAbstractTestNGCucumberTests.feature(CustomAbstractTestNGCucumberTests.java:25)
Caused by: java.lang.AssertionError: Test Failed due to this exception : org.openqa.selenium.UnhandledAlertException: unexpected alert open: {Alert text : }
  (Session info: chrome=76.0.3809.132): 
Build info: version: '3.141.59', revision: 'e82be7d358', time: '2018-11-14T08:17:03'
System info: host: 'MUM-LAP-849', ip: '10.102.193.114', os.name: 'Windows 10', os.arch: 'amd64', os.version: '10.0', java.version: '1.8.0_201'
Driver info: org.openqa.selenium.chrome.ChromeDriver
Capabilities {acceptInsecureCerts: false, browserName: chrome, browserVersion: 76.0.3809.132, chrome: {chromedriverVersion: 76.0.3809.126 (d80a294506b4..., userDataDir: C:\Users\BALRAJ~1.ULL\AppDa...}, goog:chromeOptions: {debuggerAddress: localhost:57912}, javascriptEnabled: true, networkConnectionEnabled: false, pageLoadStrategy: normal, platform: XP, platformName: XP, proxy: Proxy(), setWindowRect: true, strictFileInteractability: false, timeouts: {implicit: 0, pageLoad: 300000, script: 30000}, unhandledPromptBehavior: dismiss and notify}
Session ID: bfba172ee62ce60012173db960df46a9
*** Element info: {Using=xpath, value=//table[@id='fontIcon_homeMessage']}
	at com.northgateps.cm.platform.api.ConnectMobilePageHelper.CloseFailedTest(ConnectMobilePageHelper.java:1777)
	at com.northgateps.cm.intel.WebMobileWrappers.IntelWebPageObject.CloseFailedTest(IntelWebPageObject.java:1537)
	at com.northgateps.cm.intel.WebMobileWrappers.IntelWebMobileWrapper.CloseFailedTest(IntelWebMobileWrapper.java:402)
	at com.northgateps.cm.intel.stepDefs.IntelFTS01.userIsOnCardIndexScreenForACreateGenericInvestigation(IntelFTS01.java:94)
	at ✽.Given User is on Card Index screen for a 'Create Generic Investigation'(resources/Features/SmokeTests/Location.feature:19)
... Removed 25 stack frames]]>
    </failure>
  </testcase> <!-- feature -->
</testsuite> <!-- Test -->
